# JRE version: OpenJDK Runtime Environment (8.0_202-b03) (build 1.8.0_202-release-1483-b03)
# Java VM: OpenJDK 64-Bit Server VM (25.202-b03 mixed mode windows-amd64 compressed oops)
Heap:
 PSYoungGen      total 121344K, used 66746K [0x00000000e0000000, 0x00000000e8d00000, 0x0000000100000000)
  eden space 106496K, 48% used [0x00000000e0000000,0x00000000e32b4430,0x00000000e6800000)
  from space 14848K, 99% used [0x00000000e7900000,0x00000000e877a780,0x00000000e8780000)
  to   space 17408K, 0% used [0x00000000e6800000,0x00000000e6800000,0x00000000e7900000)
 ParOldGen       total 219648K, used 20839K [0x00000000a0000000, 0x00000000ad680000, 0x00000000e0000000)
  object space 219648K, 9% used [0x00000000a0000000,0x00000000a1459cb8,0x00000000ad680000)
 Metaspace       used 55590K, capacity 57046K, committed 57304K, reserved 1099776K
  class space    used 7545K, capacity 7902K, committed 7936K, reserved 1048576K
GC Heap History (10 events):
Event: 8.185 GC heap before
{Heap before GC invocations=6 (full 1):
 PSYoungGen      total 76288K, used 73179K [0x00000000e0000000, 0x00000000e6b00000, 0x0000000100000000)
  eden space 65536K, 100% used [0x00000000e0000000,0x00000000e4000000,0x00000000e4000000)
  from space 10752K, 71% used [0x00000000e4a80000,0x00000000e51f6fe0,0x00000000e5500000)
  to   space 10752K, 0% used [0x00000000e4000000,0x00000000e4000000,0x00000000e4a80000)
 ParOldGen       total 123392K, used 11049K [0x00000000a0000000, 0x00000000a7880000, 0x00000000e0000000)
  object space 123392K, 8% used [0x00000000a0000000,0x00000000a0aca418,0x00000000a7880000)
 Metaspace       used 31868K, capacity 32364K, committed 32768K, reserved 1077248K
  class space    used 4385K, capacity 4563K, committed 4608K, reserved 1048576K
Event: 8.194 GC heap after
Heap after GC invocations=6 (full 1):
 PSYoungGen      total 76288K, used 8538K [0x00000000e0000000, 0x00000000e7200000, 0x0000000100000000)
  eden space 65536K, 0% used [0x00000000e0000000,0x00000000e0000000,0x00000000e4000000)
  from space 10752K, 79% used [0x00000000e4000000,0x00000000e4856840,0x00000000e4a80000)
  to   space 12288K, 0% used [0x00000000e6600000,0x00000000e6600000,0x00000000e7200000)
 ParOldGen       total 123392K, used 11057K [0x00000000a0000000, 0x00000000a7880000, 0x00000000e0000000)
  object space 123392K, 8% used [0x00000000a0000000,0x00000000a0acc418,0x00000000a7880000)
 Metaspace       used 31868K, capacity 32364K, committed 32768K, reserved 1077248K
  class space    used 4385K, capacity 4563K, committed 4608K, reserved 1048576K
}
Event: 8.978 GC heap before
{Heap before GC invocations=7 (full 1):
 PSYoungGen      total 76288K, used 62117K [0x00000000e0000000, 0x00000000e7200000, 0x0000000100000000)
  eden space 65536K, 81% used [0x00000000e0000000,0x00000000e3452cd8,0x00000000e4000000)
  from space 10752K, 79% used [0x00000000e4000000,0x00000000e4856840,0x00000000e4a80000)
  to   space 12288K, 0% used [0x00000000e6600000,0x00000000e6600000,0x00000000e7200000)
 ParOldGen       total 123392K, used 11057K [0x00000000a0000000, 0x00000000a7880000, 0x00000000e0000000)
  object space 123392K, 8% used [0x00000000a0000000,0x00000000a0acc418,0x00000000a7880000)
 Metaspace       used 34564K, capacity 35190K, committed 35416K, reserved 1079296K
  class space    used 4746K, capacity 4936K, committed 4992K, reserved 1048576K
Event: 8.991 GC heap after
Heap after GC invocations=7 (full 1):
 PSYoungGen      total 103424K, used 11493K [0x00000000e0000000, 0x00000000e7700000, 0x0000000100000000)
  eden space 91136K, 0% used [0x00000000e0000000,0x00000000e0000000,0x00000000e5900000)
  from space 12288K, 93% used [0x00000000e6600000,0x00000000e7139480,0x00000000e7200000)
  to   space 13312K, 0% used [0x00000000e5900000,0x00000000e5900000,0x00000000e6600000)
 ParOldGen       total 123392K, used 11065K [0x00000000a0000000, 0x00000000a7880000, 0x00000000e0000000)
  object space 123392K, 8% used [0x00000000a0000000,0x00000000a0ace418,0x00000000a7880000)
 Metaspace       used 34564K, capacity 35190K, committed 35416K, reserved 1079296K
  class space    used 4746K, capacity 4936K, committed 4992K, reserved 1048576K
}
Event: 8.991 GC heap before
{Heap before GC invocations=8 (full 2):
 PSYoungGen      total 103424K, used 11493K [0x00000000e0000000, 0x00000000e7700000, 0x0000000100000000)
  eden space 91136K, 0% used [0x00000000e0000000,0x00000000e0000000,0x00000000e5900000)
  from space 12288K, 93% used [0x00000000e6600000,0x00000000e7139480,0x00000000e7200000)
  to   space 13312K, 0% used [0x00000000e5900000,0x00000000e5900000,0x00000000e6600000)
 ParOldGen       total 123392K, used 11065K [0x00000000a0000000, 0x00000000a7880000, 0x00000000e0000000)
  object space 123392K, 8% used [0x00000000a0000000,0x00000000a0ace418,0x00000000a7880000)
 Metaspace       used 34564K, capacity 35190K, committed 35416K, reserved 1079296K
  class space    used 4746K, capacity 4936K, committed 4992K, reserved 1048576K
Event: 9.151 GC heap after
Heap after GC invocations=8 (full 2):
 PSYoungGen      total 103424K, used 0K [0x00000000e0000000, 0x00000000e7700000, 0x0000000100000000)
  eden space 91136K, 0% used [0x00000000e0000000,0x00000000e0000000,0x00000000e5900000)
  from space 12288K, 0% used [0x00000000e6600000,0x00000000e6600000,0x00000000e7200000)
  to   space 13312K, 0% used [0x00000000e5900000,0x00000000e5900000,0x00000000e6600000)
 ParOldGen       total 219648K, used 18830K [0x00000000a0000000, 0x00000000ad680000, 0x00000000e0000000)
  object space 219648K, 8% used [0x00000000a0000000,0x00000000a12638d8,0x00000000ad680000)
 Metaspace       used 34559K, capacity 35172K, committed 35416K, reserved 1079296K
  class space    used 4744K, capacity 4933K, committed 4992K, reserved 1048576K
}
Event: 10.676 GC heap before
{Heap before GC invocations=9 (full 2):
 PSYoungGen      total 103424K, used 91136K [0x00000000e0000000, 0x00000000e7700000, 0x0000000100000000)
  eden space 91136K, 100% used [0x00000000e0000000,0x00000000e5900000,0x00000000e5900000)
  from space 12288K, 0% used [0x00000000e6600000,0x00000000e6600000,0x00000000e7200000)
  to   space 13312K, 0% used [0x00000000e5900000,0x00000000e5900000,0x00000000e6600000)
 ParOldGen       total 219648K, used 18830K [0x00000000a0000000, 0x00000000ad680000, 0x00000000e0000000)
  object space 219648K, 8% used [0x00000000a0000000,0x00000000a12638d8,0x00000000ad680000)
 Metaspace       used 44320K, capacity 45090K, committed 45400K, reserved 1089536K
  class space    used 5949K, capacity 6169K, committed 6272K, reserved 1048576K
Event: 10.687 GC heap after
Heap after GC invocations=9 (full 2):
 PSYoungGen      total 104448K, used 13289K [0x00000000e0000000, 0x00000000e8780000, 0x0000000100000000)
  eden space 91136K, 0% used [0x00000000e0000000,0x00000000e0000000,0x00000000e5900000)
  from space 13312K, 99% used [0x00000000e5900000,0x00000000e65fa648,0x00000000e6600000)
  to   space 14848K, 0% used [0x00000000e7900000,0x00000000e7900000,0x00000000e8780000)
 ParOldGen       total 219648K, used 19512K [0x00000000a0000000, 0x00000000ad680000, 0x00000000e0000000)
  object space 219648K, 8% used [0x00000000a0000000,0x00000000a130e0c0,0x00000000ad680000)
 Metaspace       used 44320K, capacity 45090K, committed 45400K, reserved 1089536K
  class space    used 5949K, capacity 6169K, committed 6272K, reserved 1048576K
}
Event: 11.942 GC heap before
{Heap before GC invocations=10 (full 2):
 PSYoungGen      total 104448K, used 104425K [0x00000000e0000000, 0x00000000e8780000, 0x0000000100000000)
  eden space 91136K, 100% used [0x00000000e0000000,0x00000000e5900000,0x00000000e5900000)
  from space 13312K, 99% used [0x00000000e5900000,0x00000000e65fa648,0x00000000e6600000)
  to   space 14848K, 0% used [0x00000000e7900000,0x00000000e7900000,0x00000000e8780000)
 ParOldGen       total 219648K, used 19512K [0x00000000a0000000, 0x00000000ad680000, 0x00000000e0000000)
  object space 219648K, 8% used [0x00000000a0000000,0x00000000a130e0c0,0x00000000ad680000)
 Metaspace       used 51332K, capacity 52594K, committed 52824K, reserved 1095680K
  class space    used 6943K, capacity 7262K, committed 7296K, reserved 1048576K
Event: 11.956 GC heap after
Heap after GC invocations=10 (full 2):
 PSYoungGen      total 121344K, used 14825K [0x00000000e0000000, 0x00000000e8d00000, 0x0000000100000000)
  eden space 106496K, 0% used [0x00000000e0000000,0x00000000e0000000,0x00000000e6800000)
  from space 14848K, 99% used [0x00000000e7900000,0x00000000e877a780,0x00000000e8780000)
  to   space 17408K, 0% used [0x00000000e6800000,0x00000000e6800000,0x00000000e7900000)
 ParOldGen       total 219648K, used 20839K [0x00000000a0000000, 0x00000000ad680000, 0x00000000e0000000)
  object space 219648K, 9% used [0x00000000a0000000,0x00000000a1459cb8,0x00000000ad680000)
 Metaspace       used 51332K, capacity 52594K, committed 52824K, reserved 1095680K
  class space    used 6943K, capacity 7262K, committed 7296K, reserved 1048576K
}

